Performing C SOURCE FILE Test CMAKE_HAVE_LIBC_PTHREAD failed with the following output:
Change Dir: /home/kimbring2/Twini-Golf/CMakeFiles/CMakeTmp

Run Build Command(s):/usr/bin/make -f Makefile cmTC_0d6c0/fast && /usr/bin/make  -f CMakeFiles/cmTC_0d6c0.dir/build.make CMakeFiles/cmTC_0d6c0.dir/build
make[1]: Entering directory '/home/kimbring2/Twini-Golf/CMakeFiles/CMakeTmp'
Building C object CMakeFiles/cmTC_0d6c0.dir/src.c.o
/usr/bin/cc -DCMAKE_HAVE_LIBC_PTHREAD   -o CMakeFiles/cmTC_0d6c0.dir/src.c.o -c /home/kimbring2/Twini-Golf/CMakeFiles/CMakeTmp/src.c
Linking C executable cmTC_0d6c0
/usr/bin/cmake -E cmake_link_script CMakeFiles/cmTC_0d6c0.dir/link.txt --verbose=1
/usr/bin/cc CMakeFiles/cmTC_0d6c0.dir/src.c.o -o cmTC_0d6c0 
/usr/bin/ld: CMakeFiles/cmTC_0d6c0.dir/src.c.o: in function `main':
src.c:(.text+0x46): undefined reference to `pthread_create'
/usr/bin/ld: src.c:(.text+0x52): undefined reference to `pthread_detach'
/usr/bin/ld: src.c:(.text+0x5e): undefined reference to `pthread_cancel'
/usr/bin/ld: src.c:(.text+0x6f): undefined reference to `pthread_join'
collect2: error: ld returned 1 exit status
make[1]: *** [CMakeFiles/cmTC_0d6c0.dir/build.make:99: cmTC_0d6c0] Error 1
make[1]: Leaving directory '/home/kimbring2/Twini-Golf/CMakeFiles/CMakeTmp'
make: *** [Makefile:127: cmTC_0d6c0/fast] Error 2


Source file was:
#include <pthread.h>

static void* test_func(void* data)
{
  return data;
}

int main(void)
{
  pthread_t thread;
  pthread_create(&thread, NULL, test_func, NULL);
  pthread_detach(thread);
  pthread_cancel(thread);
  pthread_join(thread, NULL);
  pthread_atfork(NULL, NULL, NULL);
  pthread_exit(NULL);

  return 0;
}

Determining if the function pthread_create exists in the pthreads failed with the following output:
Change Dir: /home/kimbring2/Twini-Golf/CMakeFiles/CMakeTmp

Run Build Command(s):/usr/bin/make -f Makefile cmTC_96ac1/fast && /usr/bin/make  -f CMakeFiles/cmTC_96ac1.dir/build.make CMakeFiles/cmTC_96ac1.dir/build
make[1]: Entering directory '/home/kimbring2/Twini-Golf/CMakeFiles/CMakeTmp'
Building C object CMakeFiles/cmTC_96ac1.dir/CheckFunctionExists.c.o
/usr/bin/cc   -DCHECK_FUNCTION_EXISTS=pthread_create -o CMakeFiles/cmTC_96ac1.dir/CheckFunctionExists.c.o -c /usr/share/cmake-3.23/Modules/CheckFunctionExists.c
Linking C executable cmTC_96ac1
/usr/bin/cmake -E cmake_link_script CMakeFiles/cmTC_96ac1.dir/link.txt --verbose=1
/usr/bin/cc  -DCHECK_FUNCTION_EXISTS=pthread_create CMakeFiles/cmTC_96ac1.dir/CheckFunctionExists.c.o -o cmTC_96ac1  -lpthreads 
/usr/bin/ld: cannot find -lpthreads
collect2: error: ld returned 1 exit status
make[1]: *** [CMakeFiles/cmTC_96ac1.dir/build.make:99: cmTC_96ac1] Error 1
make[1]: Leaving directory '/home/kimbring2/Twini-Golf/CMakeFiles/CMakeTmp'
make: *** [Makefile:127: cmTC_96ac1/fast] Error 2



Performing C SOURCE FILE Test CMAKE_HAVE_LIBC_PTHREAD failed with the following output:
Change Dir: /home/kimbring2/Twini-Golf/CMakeFiles/CMakeTmp

Run Build Command(s):/usr/bin/make -f Makefile cmTC_f7fe1/fast && /usr/bin/make  -f CMakeFiles/cmTC_f7fe1.dir/build.make CMakeFiles/cmTC_f7fe1.dir/build
make[1]: Entering directory '/home/kimbring2/Twini-Golf/CMakeFiles/CMakeTmp'
Building C object CMakeFiles/cmTC_f7fe1.dir/src.c.o
/usr/bin/cc -DCMAKE_HAVE_LIBC_PTHREAD   -o CMakeFiles/cmTC_f7fe1.dir/src.c.o -c /home/kimbring2/Twini-Golf/CMakeFiles/CMakeTmp/src.c
Linking C executable cmTC_f7fe1
/usr/bin/cmake -E cmake_link_script CMakeFiles/cmTC_f7fe1.dir/link.txt --verbose=1
/usr/bin/cc CMakeFiles/cmTC_f7fe1.dir/src.c.o -o cmTC_f7fe1 
/usr/bin/ld: CMakeFiles/cmTC_f7fe1.dir/src.c.o: in function `main':
src.c:(.text+0x46): undefined reference to `pthread_create'
/usr/bin/ld: src.c:(.text+0x52): undefined reference to `pthread_detach'
/usr/bin/ld: src.c:(.text+0x5e): undefined reference to `pthread_cancel'
/usr/bin/ld: src.c:(.text+0x6f): undefined reference to `pthread_join'
collect2: error: ld returned 1 exit status
make[1]: *** [CMakeFiles/cmTC_f7fe1.dir/build.make:99: cmTC_f7fe1] Error 1
make[1]: Leaving directory '/home/kimbring2/Twini-Golf/CMakeFiles/CMakeTmp'
make: *** [Makefile:127: cmTC_f7fe1/fast] Error 2


Source file was:
#include <pthread.h>

static void* test_func(void* data)
{
  return data;
}

int main(void)
{
  pthread_t thread;
  pthread_create(&thread, NULL, test_func, NULL);
  pthread_detach(thread);
  pthread_cancel(thread);
  pthread_join(thread, NULL);
  pthread_atfork(NULL, NULL, NULL);
  pthread_exit(NULL);

  return 0;
}

Determining if the function pthread_create exists in the pthreads failed with the following output:
Change Dir: /home/kimbring2/Twini-Golf/CMakeFiles/CMakeTmp

Run Build Command(s):/usr/bin/make -f Makefile cmTC_78a1d/fast && /usr/bin/make  -f CMakeFiles/cmTC_78a1d.dir/build.make CMakeFiles/cmTC_78a1d.dir/build
make[1]: Entering directory '/home/kimbring2/Twini-Golf/CMakeFiles/CMakeTmp'
Building C object CMakeFiles/cmTC_78a1d.dir/CheckFunctionExists.c.o
/usr/bin/cc   -DCHECK_FUNCTION_EXISTS=pthread_create -o CMakeFiles/cmTC_78a1d.dir/CheckFunctionExists.c.o -c /usr/share/cmake-3.23/Modules/CheckFunctionExists.c
Linking C executable cmTC_78a1d
/usr/bin/cmake -E cmake_link_script CMakeFiles/cmTC_78a1d.dir/link.txt --verbose=1
/usr/bin/cc  -DCHECK_FUNCTION_EXISTS=pthread_create CMakeFiles/cmTC_78a1d.dir/CheckFunctionExists.c.o -o cmTC_78a1d  -lpthreads 
/usr/bin/ld: cannot find -lpthreads
collect2: error: ld returned 1 exit status
make[1]: *** [CMakeFiles/cmTC_78a1d.dir/build.make:99: cmTC_78a1d] Error 1
make[1]: Leaving directory '/home/kimbring2/Twini-Golf/CMakeFiles/CMakeTmp'
make: *** [Makefile:127: cmTC_78a1d/fast] Error 2



Performing C SOURCE FILE Test CMAKE_HAVE_LIBC_PTHREAD failed with the following output:
Change Dir: /home/kimbring2/Twini-Golf/CMakeFiles/CMakeTmp

Run Build Command(s):/usr/bin/make -f Makefile cmTC_c96f3/fast && make[1]: Entering directory '/home/kimbring2/Twini-Golf/CMakeFiles/CMakeTmp'
/usr/bin/make  -f CMakeFiles/cmTC_c96f3.dir/build.make CMakeFiles/cmTC_c96f3.dir/build
make[2]: Entering directory '/home/kimbring2/Twini-Golf/CMakeFiles/CMakeTmp'
Building C object CMakeFiles/cmTC_c96f3.dir/src.c.o
/usr/bin/cc -DCMAKE_HAVE_LIBC_PTHREAD   -o CMakeFiles/cmTC_c96f3.dir/src.c.o -c /home/kimbring2/Twini-Golf/CMakeFiles/CMakeTmp/src.c
Linking C executable cmTC_c96f3
/usr/bin/cmake -E cmake_link_script CMakeFiles/cmTC_c96f3.dir/link.txt --verbose=1
/usr/bin/cc CMakeFiles/cmTC_c96f3.dir/src.c.o -o cmTC_c96f3 
/usr/bin/ld: CMakeFiles/cmTC_c96f3.dir/src.c.o: in function `main':
src.c:(.text+0x46): undefined reference to `pthread_create'
/usr/bin/ld: src.c:(.text+0x52): undefined reference to `pthread_detach'
/usr/bin/ld: src.c:(.text+0x5e): undefined reference to `pthread_cancel'
/usr/bin/ld: src.c:(.text+0x6f): undefined reference to `pthread_join'
collect2: error: ld returned 1 exit status
make[2]: *** [CMakeFiles/cmTC_c96f3.dir/build.make:99: cmTC_c96f3] Error 1
make[2]: Leaving directory '/home/kimbring2/Twini-Golf/CMakeFiles/CMakeTmp'
make[1]: *** [Makefile:127: cmTC_c96f3/fast] Error 2
make[1]: Leaving directory '/home/kimbring2/Twini-Golf/CMakeFiles/CMakeTmp'


Source file was:
#include <pthread.h>

static void* test_func(void* data)
{
  return data;
}

int main(void)
{
  pthread_t thread;
  pthread_create(&thread, NULL, test_func, NULL);
  pthread_detach(thread);
  pthread_cancel(thread);
  pthread_join(thread, NULL);
  pthread_atfork(NULL, NULL, NULL);
  pthread_exit(NULL);

  return 0;
}

Determining if the function pthread_create exists in the pthreads failed with the following output:
Change Dir: /home/kimbring2/Twini-Golf/CMakeFiles/CMakeTmp

Run Build Command(s):/usr/bin/make -f Makefile cmTC_a6946/fast && make[1]: Entering directory '/home/kimbring2/Twini-Golf/CMakeFiles/CMakeTmp'
/usr/bin/make  -f CMakeFiles/cmTC_a6946.dir/build.make CMakeFiles/cmTC_a6946.dir/build
make[2]: Entering directory '/home/kimbring2/Twini-Golf/CMakeFiles/CMakeTmp'
Building C object CMakeFiles/cmTC_a6946.dir/CheckFunctionExists.c.o
/usr/bin/cc   -DCHECK_FUNCTION_EXISTS=pthread_create -o CMakeFiles/cmTC_a6946.dir/CheckFunctionExists.c.o -c /usr/share/cmake-3.23/Modules/CheckFunctionExists.c
Linking C executable cmTC_a6946
/usr/bin/cmake -E cmake_link_script CMakeFiles/cmTC_a6946.dir/link.txt --verbose=1
/usr/bin/cc  -DCHECK_FUNCTION_EXISTS=pthread_create CMakeFiles/cmTC_a6946.dir/CheckFunctionExists.c.o -o cmTC_a6946  -lpthreads 
/usr/bin/ld: cannot find -lpthreads
collect2: error: ld returned 1 exit status
make[2]: *** [CMakeFiles/cmTC_a6946.dir/build.make:99: cmTC_a6946] Error 1
make[2]: Leaving directory '/home/kimbring2/Twini-Golf/CMakeFiles/CMakeTmp'
make[1]: *** [Makefile:127: cmTC_a6946/fast] Error 2
make[1]: Leaving directory '/home/kimbring2/Twini-Golf/CMakeFiles/CMakeTmp'



Performing C SOURCE FILE Test CMAKE_HAVE_LIBC_PTHREAD failed with the following output:
Change Dir: /home/kimbring2/Twini-Golf/CMakeFiles/CMakeTmp

Run Build Command(s):/usr/bin/make -f Makefile cmTC_32a06/fast && /usr/bin/make  -f CMakeFiles/cmTC_32a06.dir/build.make CMakeFiles/cmTC_32a06.dir/build
make[1]: Entering directory '/home/kimbring2/Twini-Golf/CMakeFiles/CMakeTmp'
Building C object CMakeFiles/cmTC_32a06.dir/src.c.o
/usr/bin/cc -DCMAKE_HAVE_LIBC_PTHREAD   -o CMakeFiles/cmTC_32a06.dir/src.c.o -c /home/kimbring2/Twini-Golf/CMakeFiles/CMakeTmp/src.c
Linking C executable cmTC_32a06
/usr/bin/cmake -E cmake_link_script CMakeFiles/cmTC_32a06.dir/link.txt --verbose=1
/usr/bin/cc CMakeFiles/cmTC_32a06.dir/src.c.o -o cmTC_32a06 
/usr/bin/ld: CMakeFiles/cmTC_32a06.dir/src.c.o: in function `main':
src.c:(.text+0x46): undefined reference to `pthread_create'
/usr/bin/ld: src.c:(.text+0x52): undefined reference to `pthread_detach'
/usr/bin/ld: src.c:(.text+0x5e): undefined reference to `pthread_cancel'
/usr/bin/ld: src.c:(.text+0x6f): undefined reference to `pthread_join'
collect2: error: ld returned 1 exit status
make[1]: *** [CMakeFiles/cmTC_32a06.dir/build.make:99: cmTC_32a06] Error 1
make[1]: Leaving directory '/home/kimbring2/Twini-Golf/CMakeFiles/CMakeTmp'
make: *** [Makefile:127: cmTC_32a06/fast] Error 2


Source file was:
#include <pthread.h>

static void* test_func(void* data)
{
  return data;
}

int main(void)
{
  pthread_t thread;
  pthread_create(&thread, NULL, test_func, NULL);
  pthread_detach(thread);
  pthread_cancel(thread);
  pthread_join(thread, NULL);
  pthread_atfork(NULL, NULL, NULL);
  pthread_exit(NULL);

  return 0;
}

Determining if the function pthread_create exists in the pthreads failed with the following output:
Change Dir: /home/kimbring2/Twini-Golf/CMakeFiles/CMakeTmp

Run Build Command(s):/usr/bin/make -f Makefile cmTC_306fa/fast && /usr/bin/make  -f CMakeFiles/cmTC_306fa.dir/build.make CMakeFiles/cmTC_306fa.dir/build
make[1]: Entering directory '/home/kimbring2/Twini-Golf/CMakeFiles/CMakeTmp'
Building C object CMakeFiles/cmTC_306fa.dir/CheckFunctionExists.c.o
/usr/bin/cc   -DCHECK_FUNCTION_EXISTS=pthread_create -o CMakeFiles/cmTC_306fa.dir/CheckFunctionExists.c.o -c /usr/share/cmake-3.23/Modules/CheckFunctionExists.c
Linking C executable cmTC_306fa
/usr/bin/cmake -E cmake_link_script CMakeFiles/cmTC_306fa.dir/link.txt --verbose=1
/usr/bin/cc  -DCHECK_FUNCTION_EXISTS=pthread_create CMakeFiles/cmTC_306fa.dir/CheckFunctionExists.c.o -o cmTC_306fa  -lpthreads 
/usr/bin/ld: cannot find -lpthreads
collect2: error: ld returned 1 exit status
make[1]: *** [CMakeFiles/cmTC_306fa.dir/build.make:99: cmTC_306fa] Error 1
make[1]: Leaving directory '/home/kimbring2/Twini-Golf/CMakeFiles/CMakeTmp'
make: *** [Makefile:127: cmTC_306fa/fast] Error 2



Performing C SOURCE FILE Test CMAKE_HAVE_LIBC_PTHREAD failed with the following output:
Change Dir: /home/kimbring2/Twini-Golf/CMakeFiles/CMakeTmp

Run Build Command(s):/usr/bin/make -f Makefile cmTC_d148c/fast && /usr/bin/make  -f CMakeFiles/cmTC_d148c.dir/build.make CMakeFiles/cmTC_d148c.dir/build
make[1]: Entering directory '/home/kimbring2/Twini-Golf/CMakeFiles/CMakeTmp'
Building C object CMakeFiles/cmTC_d148c.dir/src.c.o
/usr/bin/cc -DCMAKE_HAVE_LIBC_PTHREAD   -o CMakeFiles/cmTC_d148c.dir/src.c.o -c /home/kimbring2/Twini-Golf/CMakeFiles/CMakeTmp/src.c
Linking C executable cmTC_d148c
/usr/bin/cmake -E cmake_link_script CMakeFiles/cmTC_d148c.dir/link.txt --verbose=1
/usr/bin/cc CMakeFiles/cmTC_d148c.dir/src.c.o -o cmTC_d148c 
/usr/bin/ld: CMakeFiles/cmTC_d148c.dir/src.c.o: in function `main':
src.c:(.text+0x46): undefined reference to `pthread_create'
/usr/bin/ld: src.c:(.text+0x52): undefined reference to `pthread_detach'
/usr/bin/ld: src.c:(.text+0x5e): undefined reference to `pthread_cancel'
/usr/bin/ld: src.c:(.text+0x6f): undefined reference to `pthread_join'
collect2: error: ld returned 1 exit status
make[1]: *** [CMakeFiles/cmTC_d148c.dir/build.make:99: cmTC_d148c] Error 1
make[1]: Leaving directory '/home/kimbring2/Twini-Golf/CMakeFiles/CMakeTmp'
make: *** [Makefile:127: cmTC_d148c/fast] Error 2


Source file was:
#include <pthread.h>

static void* test_func(void* data)
{
  return data;
}

int main(void)
{
  pthread_t thread;
  pthread_create(&thread, NULL, test_func, NULL);
  pthread_detach(thread);
  pthread_cancel(thread);
  pthread_join(thread, NULL);
  pthread_atfork(NULL, NULL, NULL);
  pthread_exit(NULL);

  return 0;
}

Determining if the function pthread_create exists in the pthreads failed with the following output:
Change Dir: /home/kimbring2/Twini-Golf/CMakeFiles/CMakeTmp

Run Build Command(s):/usr/bin/make -f Makefile cmTC_70fb6/fast && /usr/bin/make  -f CMakeFiles/cmTC_70fb6.dir/build.make CMakeFiles/cmTC_70fb6.dir/build
make[1]: Entering directory '/home/kimbring2/Twini-Golf/CMakeFiles/CMakeTmp'
Building C object CMakeFiles/cmTC_70fb6.dir/CheckFunctionExists.c.o
/usr/bin/cc   -DCHECK_FUNCTION_EXISTS=pthread_create -o CMakeFiles/cmTC_70fb6.dir/CheckFunctionExists.c.o -c /usr/share/cmake-3.23/Modules/CheckFunctionExists.c
Linking C executable cmTC_70fb6
/usr/bin/cmake -E cmake_link_script CMakeFiles/cmTC_70fb6.dir/link.txt --verbose=1
/usr/bin/cc  -DCHECK_FUNCTION_EXISTS=pthread_create CMakeFiles/cmTC_70fb6.dir/CheckFunctionExists.c.o -o cmTC_70fb6  -lpthreads 
/usr/bin/ld: cannot find -lpthreads
collect2: error: ld returned 1 exit status
make[1]: *** [CMakeFiles/cmTC_70fb6.dir/build.make:99: cmTC_70fb6] Error 1
make[1]: Leaving directory '/home/kimbring2/Twini-Golf/CMakeFiles/CMakeTmp'
make: *** [Makefile:127: cmTC_70fb6/fast] Error 2



Performing C SOURCE FILE Test CMAKE_HAVE_LIBC_PTHREAD failed with the following output:
Change Dir: /home/kimbring2/Twini-Golf/CMakeFiles/CMakeTmp

Run Build Command(s):/usr/bin/make -f Makefile cmTC_26e61/fast && /usr/bin/make  -f CMakeFiles/cmTC_26e61.dir/build.make CMakeFiles/cmTC_26e61.dir/build
make[1]: Entering directory '/home/kimbring2/Twini-Golf/CMakeFiles/CMakeTmp'
Building C object CMakeFiles/cmTC_26e61.dir/src.c.o
/usr/bin/cc -DCMAKE_HAVE_LIBC_PTHREAD   -o CMakeFiles/cmTC_26e61.dir/src.c.o -c /home/kimbring2/Twini-Golf/CMakeFiles/CMakeTmp/src.c
Linking C executable cmTC_26e61
/usr/bin/cmake -E cmake_link_script CMakeFiles/cmTC_26e61.dir/link.txt --verbose=1
/usr/bin/cc CMakeFiles/cmTC_26e61.dir/src.c.o -o cmTC_26e61 
/usr/bin/ld: CMakeFiles/cmTC_26e61.dir/src.c.o: in function `main':
src.c:(.text+0x46): undefined reference to `pthread_create'
/usr/bin/ld: src.c:(.text+0x52): undefined reference to `pthread_detach'
/usr/bin/ld: src.c:(.text+0x5e): undefined reference to `pthread_cancel'
/usr/bin/ld: src.c:(.text+0x6f): undefined reference to `pthread_join'
collect2: error: ld returned 1 exit status
make[1]: *** [CMakeFiles/cmTC_26e61.dir/build.make:99: cmTC_26e61] Error 1
make[1]: Leaving directory '/home/kimbring2/Twini-Golf/CMakeFiles/CMakeTmp'
make: *** [Makefile:127: cmTC_26e61/fast] Error 2


Source file was:
#include <pthread.h>

static void* test_func(void* data)
{
  return data;
}

int main(void)
{
  pthread_t thread;
  pthread_create(&thread, NULL, test_func, NULL);
  pthread_detach(thread);
  pthread_cancel(thread);
  pthread_join(thread, NULL);
  pthread_atfork(NULL, NULL, NULL);
  pthread_exit(NULL);

  return 0;
}

Determining if the function pthread_create exists in the pthreads failed with the following output:
Change Dir: /home/kimbring2/Twini-Golf/CMakeFiles/CMakeTmp

Run Build Command(s):/usr/bin/make -f Makefile cmTC_f5ba4/fast && /usr/bin/make  -f CMakeFiles/cmTC_f5ba4.dir/build.make CMakeFiles/cmTC_f5ba4.dir/build
make[1]: Entering directory '/home/kimbring2/Twini-Golf/CMakeFiles/CMakeTmp'
Building C object CMakeFiles/cmTC_f5ba4.dir/CheckFunctionExists.c.o
/usr/bin/cc   -DCHECK_FUNCTION_EXISTS=pthread_create -o CMakeFiles/cmTC_f5ba4.dir/CheckFunctionExists.c.o -c /usr/share/cmake-3.23/Modules/CheckFunctionExists.c
Linking C executable cmTC_f5ba4
/usr/bin/cmake -E cmake_link_script CMakeFiles/cmTC_f5ba4.dir/link.txt --verbose=1
/usr/bin/cc  -DCHECK_FUNCTION_EXISTS=pthread_create CMakeFiles/cmTC_f5ba4.dir/CheckFunctionExists.c.o -o cmTC_f5ba4  -lpthreads 
/usr/bin/ld: cannot find -lpthreads
collect2: error: ld returned 1 exit status
make[1]: *** [CMakeFiles/cmTC_f5ba4.dir/build.make:99: cmTC_f5ba4] Error 1
make[1]: Leaving directory '/home/kimbring2/Twini-Golf/CMakeFiles/CMakeTmp'
make: *** [Makefile:127: cmTC_f5ba4/fast] Error 2



